<?xml version="1.0" encoding="UTF-8" ?>
<testsuite tests="3" failures="0" name="com.mvnpractice.helloworld.HelloWorldTest" time="0.051" errors="0" skipped="0">
  <properties>
[...]
</properties>
  <testcase classname="com.mvnpractice.helloworld.HelloWorldTest" name="testHelloWorld" time="0.004"/>
  <testcase classname="com.mvnpractice.helloworld.HelloWorldTest" name="testApp" time="0.001"/>
  <testcase classname="com.mvnpractice.helloworld.HelloWorldTest" name="testLog" time="0.046"/>
</testsuite>